<?xml version="1.0" encoding="UTF-8"?>
<!-- Generated by org.testng.reporters.JUnitXMLReporter -->
<testsuite ignored="0" hostname="INravikantisanthoshs-MacBook-Pro.local" failures="0" tests="2" name="Command line test" time="2.71" errors="0" timestamp="2022-05-13T16:21:08 IST">
  <testcase classname="SampleTest" name="shouldRegisterNewUserWhenRequestMadeToRegister" time="2.461"/>
  <testcase classname="SampleTest" name="shouldReturnUserDetailsWhenRequestMadeToGetSingleUser" time="0.218"/>
</testsuite> <!-- Command line test -->
